<?xml version="1.0" encoding="UTF-8"?>
<!-- Generated by org.testng.reporters.JUnitXMLReporter -->
<testsuite hostname="Networking" ignored="0" name="suiteTest2" tests="7" failures="2" timestamp="21 Aug 2020 03:27:46 GMT" time="78.249" errors="0">
  <testcase name="q" time="0.017" classname="Testpackage2.TestCase1"/>
  <testcase name="r" time="0.004" classname="Testpackage2.TestCase1"/>
  <testcase name="x" time="7.427" classname="Testpackage2.TestCase1"/>
  <testcase name="p" time="0.008" classname="Testpackage2.TestCase1">
    <skipped/>
  </testcase> <!-- p -->
  <testcase name="p" time="0.006" classname="Testpackage2.TestCase1">
    <failure type="java.lang.AssertionError" message="expected [true] but found [false]">
      <![CDATA[java.lang.AssertionError: expected [true] but found [false]
	at Testpackage2.TestCase1.p(TestCase1.java:90)
... Removed 29 stack frames]]>
    </failure>
  </testcase> <!-- p -->
  <testcase name="a" time="4.478" classname="Testpackage2.TestCase1">
    <skipped/>
  </testcase> <!-- a -->
  <testcase name="a" time="6.539" classname="Testpackage2.TestCase1">
    <failure type="java.lang.AssertionError" message="The following asserts failed:
	expected [Yahoo] but found [Google]">
      <![CDATA[java.lang.AssertionError: The following asserts failed:
	expected [Yahoo] but found [Google]
	at Testpackage2.TestCase1.a(TestCase1.java:40)
... Removed 26 stack frames]]>
    </failure>
  </testcase> <!-- a -->
</testsuite> <!-- suiteTest2 -->
