<?xml version="1.0" encoding="UTF-8"?>
<testng-results skipped="0" failed="1" ignored="0" total="5" passed="4">
  <reporter-output>
    <line>
      <![CDATA[<a href="C:\Users\QA Team\Desktop\3.jpg" target="_blank">Screenshot link</a>]]>
    </line>
    <line>
      <![CDATA[<br>]]>
    </line>
    <line>
      <![CDATA[<a href="F:\screenshot\error.jpg" target="_blank"><img height=200 width=200 src="C:\Users\QA Team\Desktop\3.jpg"></a>]]>
    </line>
  </reporter-output>
  <suite name="Suite-1" duration-ms="51711" started-at="2020-08-19T04:54:33Z" finished-at="2020-08-19T04:55:24Z">
    <groups>
      <group name="RegresstionTesting">
        <method signature="TestCase1.q()[pri:0, instance:Testpackage2.TestCase1@548a9f61]" name="q" class="Testpackage2.TestCase1"/>
        <method signature="TestCase1.r()[pri:0, instance:Testpackage2.TestCase1@548a9f61]" name="r" class="Testpackage2.TestCase1"/>
      </group> <!-- RegresstionTesting -->
      <group name="smokeTest">
        <method signature="TestCase1.r()[pri:0, instance:Testpackage2.TestCase1@548a9f61]" name="r" class="Testpackage2.TestCase1"/>
        <method signature="TestCase1.p()[pri:0, instance:Testpackage2.TestCase1@548a9f61]" name="p" class="Testpackage2.TestCase1"/>
      </group> <!-- smokeTest -->
    </groups>
    <test name="suiteTest1" duration-ms="51711" started-at="2020-08-19T04:54:33Z" finished-at="2020-08-19T04:55:24Z">
      <class name="Testpackage2.TestCase1">
        <test-method status="PASS" signature="beforesuite()[pri:0, instance:Testpackage2.TestCase1@548a9f61]" name="beforesuite" is-config="true" duration-ms="39" started-at="2020-08-19T10:24:32Z" finished-at="2020-08-19T10:24:33Z">
          <reporter-output>
          </reporter-output>
        </test-method> <!-- beforesuite -->
        <test-method status="PASS" signature="beforeTest()[pri:0, instance:Testpackage2.TestCase1@548a9f61]" name="beforeTest" is-config="true" duration-ms="2" started-at="2020-08-19T10:24:33Z" finished-at="2020-08-19T10:24:33Z">
          <reporter-output>
          </reporter-output>
        </test-method> <!-- beforeTest -->
        <test-method status="PASS" signature="beforeclass()[pri:0, instance:Testpackage2.TestCase1@548a9f61]" name="beforeclass" is-config="true" duration-ms="0" started-at="2020-08-19T10:24:33Z" finished-at="2020-08-19T10:24:33Z">
          <reporter-output>
          </reporter-output>
        </test-method> <!-- beforeclass -->
        <test-method status="PASS" signature="openBrowser()[pri:0, instance:Testpackage2.TestCase1@548a9f61]" name="openBrowser" is-config="true" duration-ms="7299" started-at="2020-08-19T10:24:33Z" finished-at="2020-08-19T10:24:40Z">
          <reporter-output>
          </reporter-output>
        </test-method> <!-- openBrowser -->
        <test-method status="PASS" signature="q()[pri:0, instance:Testpackage2.TestCase1@548a9f61]" name="q" duration-ms="18" started-at="2020-08-19T10:24:40Z" finished-at="2020-08-19T10:24:40Z">
          <reporter-output>
          </reporter-output>
        </test-method> <!-- q -->
        <test-method status="PASS" signature="tearDown()[pri:0, instance:Testpackage2.TestCase1@548a9f61]" name="tearDown" is-config="true" duration-ms="3919" started-at="2020-08-19T10:24:40Z" finished-at="2020-08-19T10:24:44Z">
          <reporter-output>
          </reporter-output>
        </test-method> <!-- tearDown -->
        <test-method status="PASS" signature="openBrowser()[pri:0, instance:Testpackage2.TestCase1@548a9f61]" name="openBrowser" is-config="true" duration-ms="4305" started-at="2020-08-19T10:24:44Z" finished-at="2020-08-19T10:24:48Z">
          <reporter-output>
          </reporter-output>
        </test-method> <!-- openBrowser -->
        <test-method status="PASS" signature="r()[pri:0, instance:Testpackage2.TestCase1@548a9f61]" name="r" duration-ms="3" started-at="2020-08-19T10:24:48Z" finished-at="2020-08-19T10:24:48Z">
          <reporter-output>
          </reporter-output>
        </test-method> <!-- r -->
        <test-method status="PASS" signature="tearDown()[pri:0, instance:Testpackage2.TestCase1@548a9f61]" name="tearDown" is-config="true" duration-ms="4010" started-at="2020-08-19T10:24:48Z" finished-at="2020-08-19T10:24:52Z">
          <reporter-output>
          </reporter-output>
        </test-method> <!-- tearDown -->
        <test-method status="PASS" signature="openBrowser()[pri:0, instance:Testpackage2.TestCase1@548a9f61]" name="openBrowser" is-config="true" duration-ms="3797" started-at="2020-08-19T10:24:52Z" finished-at="2020-08-19T10:24:56Z">
          <reporter-output>
          </reporter-output>
        </test-method> <!-- openBrowser -->
        <test-method status="PASS" signature="x()[pri:0, instance:Testpackage2.TestCase1@548a9f61]" name="x" duration-ms="3869" started-at="2020-08-19T10:24:56Z" finished-at="2020-08-19T10:25:00Z">
          <reporter-output>
          </reporter-output>
        </test-method> <!-- x -->
        <test-method status="PASS" signature="tearDown()[pri:0, instance:Testpackage2.TestCase1@548a9f61]" name="tearDown" is-config="true" duration-ms="4183" started-at="2020-08-19T10:25:00Z" finished-at="2020-08-19T10:25:04Z">
          <reporter-output>
          </reporter-output>
        </test-method> <!-- tearDown -->
        <test-method status="PASS" signature="openBrowser()[pri:0, instance:Testpackage2.TestCase1@548a9f61]" name="openBrowser" is-config="true" duration-ms="3944" started-at="2020-08-19T10:25:04Z" finished-at="2020-08-19T10:25:08Z">
          <reporter-output>
          </reporter-output>
        </test-method> <!-- openBrowser -->
        <test-method status="PASS" signature="p()[pri:0, instance:Testpackage2.TestCase1@548a9f61]" name="p" duration-ms="4" started-at="2020-08-19T10:25:08Z" finished-at="2020-08-19T10:25:08Z">
          <reporter-output>
          </reporter-output>
        </test-method> <!-- p -->
        <test-method status="PASS" signature="tearDown()[pri:0, instance:Testpackage2.TestCase1@548a9f61]" name="tearDown" is-config="true" duration-ms="4220" started-at="2020-08-19T10:25:08Z" finished-at="2020-08-19T10:25:12Z">
          <reporter-output>
          </reporter-output>
        </test-method> <!-- tearDown -->
        <test-method status="PASS" signature="openBrowser()[pri:0, instance:Testpackage2.TestCase1@548a9f61]" name="openBrowser" is-config="true" duration-ms="3819" started-at="2020-08-19T10:25:12Z" finished-at="2020-08-19T10:25:16Z">
          <reporter-output>
          </reporter-output>
        </test-method> <!-- openBrowser -->
        <test-method status="FAIL" signature="a()[pri:0, instance:Testpackage2.TestCase1@548a9f61]" name="a" duration-ms="3482" started-at="2020-08-19T10:25:16Z" depends-on-methods="Testpackage2.TestCase1.x" finished-at="2020-08-19T10:25:19Z">
          <exception class="java.lang.AssertionError">
            <message>
              <![CDATA[The following asserts failed:
	expected [Yahoo] but found [Google]]]>
            </message>
            <full-stacktrace>
              <![CDATA[java.lang.AssertionError: The following asserts failed:
	expected [Yahoo] but found [Google]
	at org.testng.asserts.SoftAssert.assertAll(SoftAssert.java:43)
	at Testpackage2.TestCase1.a(TestCase1.java:39)
	at sun.reflect.NativeMethodAccessorImpl.invoke0(Native Method)
	at sun.reflect.NativeMethodAccessorImpl.invoke(NativeMethodAccessorImpl.java:62)
	at sun.reflect.DelegatingMethodAccessorImpl.invoke(DelegatingMethodAccessorImpl.java:43)
	at java.lang.reflect.Method.invoke(Method.java:498)
	at org.testng.internal.MethodInvocationHelper.invokeMethod(MethodInvocationHelper.java:108)
	at org.testng.internal.Invoker.invokeMethod(Invoker.java:661)
	at org.testng.internal.Invoker.invokeTestMethod(Invoker.java:869)
	at org.testng.internal.Invoker.invokeTestMethods(Invoker.java:1193)
	at org.testng.internal.TestMethodWorker.invokeTestMethods(TestMethodWorker.java:126)
	at org.testng.internal.TestMethodWorker.run(TestMethodWorker.java:109)
	at org.testng.TestRunner.privateRun(TestRunner.java:744)
	at org.testng.TestRunner.run(TestRunner.java:602)
	at org.testng.SuiteRunner.runTest(SuiteRunner.java:380)
	at org.testng.SuiteRunner.runSequentially(SuiteRunner.java:375)
	at org.testng.SuiteRunner.privateRun(SuiteRunner.java:340)
	at org.testng.SuiteRunner.run(SuiteRunner.java:289)
	at org.testng.SuiteRunnerWorker.runSuite(SuiteRunnerWorker.java:52)
	at org.testng.SuiteRunnerWorker.run(SuiteRunnerWorker.java:86)
	at org.testng.TestNG.runSuitesSequentially(TestNG.java:1301)
	at org.testng.TestNG.runSuitesLocally(TestNG.java:1226)
	at org.testng.TestNG.runSuites(TestNG.java:1144)
	at org.testng.TestNG.run(TestNG.java:1115)
	at org.testng.remote.AbstractRemoteTestNG.run(AbstractRemoteTestNG.java:132)
	at org.testng.remote.RemoteTestNG.initAndRun(RemoteTestNG.java:236)
	at org.testng.remote.RemoteTestNG.main(RemoteTestNG.java:81)
]]>
            </full-stacktrace>
          </exception> <!-- java.lang.AssertionError -->
          <reporter-output>
            <line>
              <![CDATA[<a href="C:\Users\QA Team\Desktop\3.jpg" target="_blank">Screenshot link</a>]]>
            </line>
            <line>
              <![CDATA[<br>]]>
            </line>
            <line>
              <![CDATA[<a href="F:\screenshot\error.jpg" target="_blank"><img height=200 width=200 src="C:\Users\QA Team\Desktop\3.jpg"></a>]]>
            </line>
          </reporter-output>
        </test-method> <!-- a -->
        <test-method status="PASS" signature="tearDown()[pri:0, instance:Testpackage2.TestCase1@548a9f61]" name="tearDown" is-config="true" duration-ms="4736" started-at="2020-08-19T10:25:20Z" finished-at="2020-08-19T10:25:24Z">
          <reporter-output>
          </reporter-output>
        </test-method> <!-- tearDown -->
        <test-method status="PASS" signature="Afterclass()[pri:0, instance:Testpackage2.TestCase1@548a9f61]" name="Afterclass" is-config="true" duration-ms="1" started-at="2020-08-19T10:25:24Z" finished-at="2020-08-19T10:25:24Z">
          <reporter-output>
          </reporter-output>
        </test-method> <!-- Afterclass -->
        <test-method status="PASS" signature="AfterTest()[pri:0, instance:Testpackage2.TestCase1@548a9f61]" name="AfterTest" is-config="true" duration-ms="1" started-at="2020-08-19T10:25:24Z" finished-at="2020-08-19T10:25:24Z">
          <reporter-output>
          </reporter-output>
        </test-method> <!-- AfterTest -->
        <test-method status="PASS" signature="Aftersuite()[pri:0, instance:Testpackage2.TestCase1@548a9f61]" name="Aftersuite" is-config="true" duration-ms="1" started-at="2020-08-19T10:25:24Z" finished-at="2020-08-19T10:25:24Z">
          <reporter-output>
          </reporter-output>
        </test-method> <!-- Aftersuite -->
      </class> <!-- Testpackage2.TestCase1 -->
    </test> <!-- suiteTest1 -->
  </suite> <!-- Suite-1 -->
</testng-results>
